platforms/android/app/build/intermediates/manifest_merge_blame_file/release/manifest-merger-blame-release-report.txt
1<?xml version="1.0" encoding="utf-8"?>
2<manifest xmlns:android="http://schemas.android.com/apk/res/android"
3    package="com.phonegap.eutenhodoisreais"
4    android:hardwareAccelerated="true"
5    android:versionCode="10037"
6    android:versionName="1.0.37" >
7
8    <uses-sdk
9        android:minSdkVersion="19"
9-->src/main/AndroidManifest.xml
10        android:targetSdkVersion="30" />
10-->src/main/AndroidManifest.xml
11
12    <supports-screens
12-->src/main/AndroidManifest.xml:3:5-191
13        android:anyDensity="true"
13-->src/main/AndroidManifest.xml:3:23-48
14        android:largeScreens="true"
14-->src/main/AndroidManifest.xml:3:49-76
15        android:normalScreens="true"
15-->src/main/AndroidManifest.xml:3:77-105
16        android:resizeable="true"
16-->src/main/AndroidManifest.xml:3:106-131
17        android:smallScreens="true"
17-->src/main/AndroidManifest.xml:3:132-159
18        android:xlargeScreens="true" />
18-->src/main/AndroidManifest.xml:3:160-188
19
20    <uses-permission android:name="android.permission.INTERNET" />
20-->src/main/AndroidManifest.xml:4:5-67
20-->src/main/AndroidManifest.xml:4:22-64
21    <uses-permission android:name="android.permission.WRITE_EXTERNAL_STORAGE" />
21-->src/main/AndroidManifest.xml:33:5-81
21-->src/main/AndroidManifest.xml:33:22-78
22    <uses-permission android:name="android.permission.BLUETOOTH" />
22-->src/main/AndroidManifest.xml:34:5-68
22-->src/main/AndroidManifest.xml:34:22-65
23    <uses-permission android:name="com.amazon.device.messaging.permission.RECEIVE" />
23-->src/main/AndroidManifest.xml:35:5-86
23-->src/main/AndroidManifest.xml:35:22-83
24
25    <permission
25-->src/main/AndroidManifest.xml:36:5-131
26        android:name="com.phonegap.eutenhodoisreais.permission.RECEIVE_ADM_MESSAGE"
26-->src/main/AndroidManifest.xml:36:17-92
27        android:protectionLevel="signature" />
27-->src/main/AndroidManifest.xml:36:93-128
28
29    <uses-permission android:name="com.phonegap.eutenhodoisreais.permission.RECEIVE_ADM_MESSAGE" />
29-->src/main/AndroidManifest.xml:37:5-100
29-->src/main/AndroidManifest.xml:37:22-97
30    <!-- Create a unique permission for your app and use it so only your app can receive your OneSignal messages. -->
31    <permission
31-->[com.onesignal:OneSignal:3.10.5] AndroidManifest.xml:8:5-10:47
32        android:name="com.phonegap.eutenhodoisreais.permission.C2D_MESSAGE"
32-->[com.onesignal:OneSignal:3.10.5] AndroidManifest.xml:9:9-63
33        android:protectionLevel="signature" />
33-->[com.onesignal:OneSignal:3.10.5] AndroidManifest.xml:10:9-44
34
35    <uses-permission android:name="com.phonegap.eutenhodoisreais.permission.C2D_MESSAGE" />
35-->[com.onesignal:OneSignal:3.10.5] AndroidManifest.xml:12:5-79
35-->[com.onesignal:OneSignal:3.10.5] AndroidManifest.xml:12:22-76
36    <uses-permission android:name="com.google.android.c2dm.permission.RECEIVE" /> <!-- Required, makes sure notifications are delivered on time. -->
36-->[com.onesignal:OneSignal:3.10.5] AndroidManifest.xml:18:5-82
36-->[com.onesignal:OneSignal:3.10.5] AndroidManifest.xml:18:22-79
37    <uses-permission android:name="android.permission.WAKE_LOCK" />
37-->[com.onesignal:OneSignal:3.10.5] AndroidManifest.xml:19:5-68
37-->[com.onesignal:OneSignal:3.10.5] AndroidManifest.xml:19:22-65
38    <!--
39 Required so the device vibrates on receiving a push notification.
40         Vibration settings of the device still apply.
41    -->
42    <uses-permission android:name="android.permission.VIBRATE" />
42-->[com.onesignal:OneSignal:3.10.5] AndroidManifest.xml:24:5-66
42-->[com.onesignal:OneSignal:3.10.5] AndroidManifest.xml:24:22-63
43    <uses-permission android:name="android.permission.ACCESS_NETWORK_STATE" />
43-->[com.onesignal:OneSignal:3.10.5] AndroidManifest.xml:25:5-79
43-->[com.onesignal:OneSignal:3.10.5] AndroidManifest.xml:25:22-76
44    <!--
45 Use to restore notifications the user hasn't interacted with.
46         They could be missed notifications if the user reboots their device if this isn't in place.
47    -->
48    <uses-permission android:name="android.permission.RECEIVE_BOOT_COMPLETED" /> <!-- START: ShortcutBadger -->
48-->[com.onesignal:OneSignal:3.10.5] AndroidManifest.xml:30:5-81
48-->[com.onesignal:OneSignal:3.10.5] AndroidManifest.xml:30:22-78
49    <!-- Samsung -->
50    <uses-permission android:name="com.sec.android.provider.badge.permission.READ" />
50-->[com.onesignal:OneSignal:3.10.5] AndroidManifest.xml:32:5-86
50-->[com.onesignal:OneSignal:3.10.5] AndroidManifest.xml:32:22-83
51    <uses-permission android:name="com.sec.android.provider.badge.permission.WRITE" /> <!-- HTC -->
51-->[com.onesignal:OneSignal:3.10.5] AndroidManifest.xml:33:5-87
51-->[com.onesignal:OneSignal:3.10.5] AndroidManifest.xml:33:22-84
52    <uses-permission android:name="com.htc.launcher.permission.READ_SETTINGS" />
52-->[com.onesignal:OneSignal:3.10.5] AndroidManifest.xml:34:5-81
52-->[com.onesignal:OneSignal:3.10.5] AndroidManifest.xml:34:22-78
53    <uses-permission android:name="com.htc.launcher.permission.UPDATE_SHORTCUT" /> <!-- Sony -->
53-->[com.onesignal:OneSignal:3.10.5] AndroidManifest.xml:35:5-83
53-->[com.onesignal:OneSignal:3.10.5] AndroidManifest.xml:35:22-80
54    <uses-permission android:name="com.sonyericsson.home.permission.BROADCAST_BADGE" />
54-->[com.onesignal:OneSignal:3.10.5] AndroidManifest.xml:36:5-88
54-->[com.onesignal:OneSignal:3.10.5] AndroidManifest.xml:36:22-85
55    <uses-permission android:name="com.sonymobile.home.permission.PROVIDER_INSERT_BADGE" /> <!-- Apex -->
55-->[com.onesignal:OneSignal:3.10.5] AndroidManifest.xml:37:5-92
55-->[com.onesignal:OneSignal:3.10.5] AndroidManifest.xml:37:22-89
56    <uses-permission android:name="com.anddoes.launcher.permission.UPDATE_COUNT" /> <!-- Solid -->
56-->[com.onesignal:OneSignal:3.10.5] AndroidManifest.xml:38:5-84
56-->[com.onesignal:OneSignal:3.10.5] AndroidManifest.xml:38:22-81
57    <uses-permission android:name="com.majeur.launcher.permission.UPDATE_BADGE" /> <!-- Huawei -->
57-->[com.onesignal:OneSignal:3.10.5] AndroidManifest.xml:39:5-83
57-->[com.onesignal:OneSignal:3.10.5] AndroidManifest.xml:39:22-80
58    <uses-permission android:name="com.huawei.android.launcher.permission.CHANGE_BADGE" />
58-->[com.onesignal:OneSignal:3.10.5] AndroidManifest.xml:40:5-91
58-->[com.onesignal:OneSignal:3.10.5] AndroidManifest.xml:40:22-88
59    <uses-permission android:name="com.huawei.android.launcher.permission.READ_SETTINGS" />
59-->[com.onesignal:OneSignal:3.10.5] AndroidManifest.xml:41:5-92
59-->[com.onesignal:OneSignal:3.10.5] AndroidManifest.xml:41:22-89
60    <uses-permission android:name="com.huawei.android.launcher.permission.WRITE_SETTINGS" /> <!-- ZUK -->
60-->[com.onesignal:OneSignal:3.10.5] AndroidManifest.xml:42:5-93
60-->[com.onesignal:OneSignal:3.10.5] AndroidManifest.xml:42:22-90
61    <uses-permission android:name="android.permission.READ_APP_BADGE" /> <!-- OPPO -->
61-->[com.onesignal:OneSignal:3.10.5] AndroidManifest.xml:43:5-73
61-->[com.onesignal:OneSignal:3.10.5] AndroidManifest.xml:43:22-70
62    <uses-permission android:name="com.oppo.launcher.permission.READ_SETTINGS" />
62-->[com.onesignal:OneSignal:3.10.5] AndroidManifest.xml:44:5-82
62-->[com.onesignal:OneSignal:3.10.5] AndroidManifest.xml:44:22-79
63    <uses-permission android:name="com.oppo.launcher.permission.WRITE_SETTINGS" /> <!-- EvMe -->
63-->[com.onesignal:OneSignal:3.10.5] AndroidManifest.xml:45:5-83
63-->[com.onesignal:OneSignal:3.10.5] AndroidManifest.xml:45:22-80
64    <uses-permission android:name="me.everything.badger.permission.BADGE_COUNT_READ" />
64-->[com.onesignal:OneSignal:3.10.5] AndroidManifest.xml:46:5-88
64-->[com.onesignal:OneSignal:3.10.5] AndroidManifest.xml:46:22-85
65    <uses-permission android:name="me.everything.badger.permission.BADGE_COUNT_WRITE" />
65-->[com.onesignal:OneSignal:3.10.5] AndroidManifest.xml:47:5-89
65-->[com.onesignal:OneSignal:3.10.5] AndroidManifest.xml:47:22-86
66
67    <queries>
67-->[com.facebook.android:audience-network-sdk:6.11.0] AndroidManifest.xml:11:5-13:15
68        <package android:name="com.facebook.katana" />
68-->[com.facebook.android:audience-network-sdk:6.11.0] AndroidManifest.xml:12:9-55
68-->[com.facebook.android:audience-network-sdk:6.11.0] AndroidManifest.xml:12:18-52
69        <!-- For browser content -->
70        <intent>
70-->[com.google.android.gms:play-services-ads-lite:20.4.0] AndroidManifest.xml:31:9-37:18
71            <action android:name="android.intent.action.VIEW" />
71-->[com.google.android.gms:play-services-ads-lite:20.4.0] AndroidManifest.xml:32:13-65
71-->[com.google.android.gms:play-services-ads-lite:20.4.0] AndroidManifest.xml:32:21-62
72
73            <category android:name="android.intent.category.BROWSABLE" />
73-->[com.google.android.gms:play-services-ads-lite:20.4.0] AndroidManifest.xml:34:13-74
73-->[com.google.android.gms:play-services-ads-lite:20.4.0] AndroidManifest.xml:34:23-71
74
75            <data android:scheme="https" />
75-->[com.google.android.gms:play-services-ads-lite:20.4.0] AndroidManifest.xml:36:13-44
75-->[com.google.android.gms:play-services-ads-lite:20.4.0] AndroidManifest.xml:36:19-41
76        </intent> <!-- End of browser content -->
77        <!-- For CustomTabsService -->
78        <intent>
78-->[com.google.android.gms:play-services-ads-lite:20.4.0] AndroidManifest.xml:31:9-37:18
79            <action android:name="android.support.customtabs.action.CustomTabsService" />
80        </intent>
81    </queries>
82
83    <uses-permission android:name="com.google.android.gms.permission.AD_ID" />
83-->[com.google.android.gms:play-services-ads-lite:20.4.0] AndroidManifest.xml:25:5-79
83-->[com.google.android.gms:play-services-ads-lite:20.4.0] AndroidManifest.xml:25:22-76
84
85    <application
85-->src/main/AndroidManifest.xml:5:5-32:19
86        android:name="androidx.multidex.MultiDexApplication"
87        android:appComponentFactory="androidx.core.app.CoreComponentFactory"
87-->[androidx.core:core:1.3.0] AndroidManifest.xml:24:18-86
88        android:hardwareAccelerated="true"
88-->src/main/AndroidManifest.xml:5:18-52
89        android:icon="@mipmap/ic_launcher"
89-->src/main/AndroidManifest.xml:5:53-87
90        android:label="@string/app_name"
90-->src/main/AndroidManifest.xml:5:88-120
91        android:supportsRtl="true" >
91-->src/main/AndroidManifest.xml:5:121-147
92        <activity
92-->src/main/AndroidManifest.xml:6:9-11:20
93            android:name="com.phonegap.eutenhodoisreais.MainActivity"
93-->src/main/AndroidManifest.xml:6:205-232
94            android:configChanges="orientation|keyboardHidden|keyboard|screenSize|locale|smallestScreenSize|screenLayout|uiMode"
94-->src/main/AndroidManifest.xml:6:19-135
95            android:label="@string/activity_name"
95-->src/main/AndroidManifest.xml:6:136-173
96            android:launchMode="singleTop"
96-->src/main/AndroidManifest.xml:6:174-204
97            android:screenOrientation="portrait"
97-->src/main/AndroidManifest.xml:6:233-269
98            android:theme="@android:style/Theme.DeviceDefault.NoActionBar"
98-->src/main/AndroidManifest.xml:6:270-332
99            android:windowSoftInputMode="adjustResize" >
99-->src/main/AndroidManifest.xml:6:333-375
100            <intent-filter android:label="@string/launcher_name" >
100-->src/main/AndroidManifest.xml:7:13-10:29
100-->src/main/AndroidManifest.xml:7:28-65
101                <action android:name="android.intent.action.MAIN" />
101-->src/main/AndroidManifest.xml:8:17-69
101-->src/main/AndroidManifest.xml:8:25-66
102
103                <category android:name="android.intent.category.LAUNCHER" />
103-->src/main/AndroidManifest.xml:9:17-77
103-->src/main/AndroidManifest.xml:9:27-74
104            </intent-filter>
105        </activity>
106        <activity
106-->src/main/AndroidManifest.xml:12:9-243
107            android:name="com.google.android.gms.ads.AdActivity"
107-->src/main/AndroidManifest.xml:12:163-215
108            android:configChanges="keyboard|keyboardHidden|orientation|screenLayout|uiMode|screenSize|smallestScreenSize"
108-->src/main/AndroidManifest.xml:12:19-128
109            android:excludeFromRecents="true"
109-->src/main/AndroidManifest.xml:12:129-162
110            android:exported="false"
110-->[com.google.android.gms:play-services-ads-lite:20.4.0] AndroidManifest.xml:52:13-37
111            android:noHistory="true"
111-->src/main/AndroidManifest.xml:12:216-240
112            android:theme="@android:style/Theme.Translucent" />
112-->[com.google.android.gms:play-services-ads-lite:20.4.0] AndroidManifest.xml:53:13-61
113
114        <meta-data
114-->src/main/AndroidManifest.xml:13:9-134
115            android:name="com.google.android.gms.ads.APPLICATION_ID"
115-->src/main/AndroidManifest.xml:13:20-76
116            android:value="ca-app-pub-7091486462236476~1364015655" />
116-->src/main/AndroidManifest.xml:13:77-131
117        <meta-data
117-->src/main/AndroidManifest.xml:14:9-112
118            android:name="com.google.android.gms.ads.DELAY_APP_MEASUREMENT_INIT"
118-->src/main/AndroidManifest.xml:14:20-88
119            android:value="true" />
119-->src/main/AndroidManifest.xml:14:89-109
120
121        <receiver
121-->src/main/AndroidManifest.xml:15:9-19:20
122            android:name="nl.xservices.plugins.ShareChooserPendingIntent"
122-->src/main/AndroidManifest.xml:15:42-103
123            android:enabled="true" >
123-->src/main/AndroidManifest.xml:15:19-41
124            <intent-filter>
124-->src/main/AndroidManifest.xml:16:13-18:29
125                <action android:name="android.intent.action.SEND" />
125-->src/main/AndroidManifest.xml:17:17-69
125-->src/main/AndroidManifest.xml:17:25-66
126            </intent-filter>
127        </receiver>
128
129        <provider
130            android:name="nl.xservices.plugins.FileProvider"
130-->src/main/AndroidManifest.xml:20:135-183
131            android:authorities="com.phonegap.eutenhodoisreais.sharing.provider"
131-->src/main/AndroidManifest.xml:20:19-74
132            android:exported="false"
132-->src/main/AndroidManifest.xml:20:75-99
133            android:grantUriPermissions="true" >
133-->src/main/AndroidManifest.xml:20:100-134
134            <meta-data
134-->src/main/AndroidManifest.xml:21:13-115
135                android:name="android.support.FILE_PROVIDER_PATHS"
135-->src/main/AndroidManifest.xml:21:24-74
136                android:resource="@xml/sharing_paths" />
136-->src/main/AndroidManifest.xml:21:75-112
137        </provider>
138
139        <amazon:enable-feature
139-->src/main/AndroidManifest.xml:23:9-159
140            xmlns:amazon="http://schemas.amazon.com/apk/res/android"
140-->src/main/AndroidManifest.xml:23:100-156
141            android:name="com.amazon.device.messaging"
141-->src/main/AndroidManifest.xml:23:32-74
142            android:required="false" />
142-->src/main/AndroidManifest.xml:23:75-99
143
144        <service
144-->src/main/AndroidManifest.xml:24:9-92
145            android:name="com.onesignal.ADMMessageHandler"
145-->src/main/AndroidManifest.xml:24:43-89
146            android:exported="false" />
146-->src/main/AndroidManifest.xml:24:18-42
147
148        <receiver
148-->src/main/AndroidManifest.xml:25:9-31:20
149            android:name="com.onesignal.ADMMessageHandler$Receiver"
149-->src/main/AndroidManifest.xml:25:19-74
150            android:permission="com.amazon.device.messaging.permission.SEND" >
150-->src/main/AndroidManifest.xml:25:75-139
151            <intent-filter>
151-->src/main/AndroidManifest.xml:26:13-30:29
152                <action android:name="com.amazon.device.messaging.intent.REGISTRATION" />
152-->src/main/AndroidManifest.xml:27:17-90
152-->src/main/AndroidManifest.xml:27:25-87
153                <action android:name="com.amazon.device.messaging.intent.RECEIVE" />
153-->src/main/AndroidManifest.xml:28:17-85
153-->src/main/AndroidManifest.xml:28:25-82
154
155                <category android:name="com.phonegap.eutenhodoisreais" />
155-->src/main/AndroidManifest.xml:29:17-74
155-->src/main/AndroidManifest.xml:29:27-71
156            </intent-filter>
157        </receiver>
158
159        <meta-data
159-->[com.onesignal:OneSignal:3.10.5] AndroidManifest.xml:50:9-52:51
160            android:name="onesignal_app_id"
160-->[com.onesignal:OneSignal:3.10.5] AndroidManifest.xml:51:13-44
161            android:value="" /> <!-- Deprecated - Pulled from OneSignal dashboard. -->
161-->[com.onesignal:OneSignal:3.10.5] AndroidManifest.xml:52:13-48
162        <meta-data
162-->[com.onesignal:OneSignal:3.10.5] AndroidManifest.xml:54:9-56:70
163            android:name="onesignal_google_project_number"
163-->[com.onesignal:OneSignal:3.10.5] AndroidManifest.xml:55:13-59
164            android:value="str:REMOTE" />
164-->[com.onesignal:OneSignal:3.10.5] AndroidManifest.xml:56:13-67
165
166        <receiver
166-->[com.onesignal:OneSignal:3.10.5] AndroidManifest.xml:58:9-68:20
167            android:name="com.onesignal.GcmBroadcastReceiver"
167-->[com.onesignal:OneSignal:3.10.5] AndroidManifest.xml:59:13-62
168            android:permission="com.google.android.c2dm.permission.SEND" >
168-->[com.onesignal:OneSignal:3.10.5] AndroidManifest.xml:60:13-73
169
170            <!-- High priority so OneSignal payloads can be filtered from other GCM receivers if filterOtherGCMReceivers is enabled. -->
171            <intent-filter android:priority="999" >
171-->[com.onesignal:OneSignal:3.10.5] AndroidManifest.xml:63:13-67:29
171-->[com.onesignal:OneSignal:3.10.5] AndroidManifest.xml:63:28-50
172                <action android:name="com.google.android.c2dm.intent.RECEIVE" />
172-->[com.onesignal:OneSignal:3.10.5] AndroidManifest.xml:64:17-81
172-->[com.onesignal:OneSignal:3.10.5] AndroidManifest.xml:64:25-78
173
174                <category android:name="com.phonegap.eutenhodoisreais" />
174-->src/main/AndroidManifest.xml:29:17-74
174-->src/main/AndroidManifest.xml:29:27-71
175            </intent-filter>
176        </receiver>
177        <receiver android:name="com.onesignal.NotificationOpenedReceiver" />
177-->[com.onesignal:OneSignal:3.10.5] AndroidManifest.xml:69:9-77
177-->[com.onesignal:OneSignal:3.10.5] AndroidManifest.xml:69:19-74
178
179        <service android:name="com.onesignal.GcmIntentService" />
179-->[com.onesignal:OneSignal:3.10.5] AndroidManifest.xml:71:9-66
179-->[com.onesignal:OneSignal:3.10.5] AndroidManifest.xml:71:18-63
180        <service
180-->[com.onesignal:OneSignal:3.10.5] AndroidManifest.xml:72:9-74:72
181            android:name="com.onesignal.GcmIntentJobService"
181-->[com.onesignal:OneSignal:3.10.5] AndroidManifest.xml:73:13-61
182            android:permission="android.permission.BIND_JOB_SERVICE" />
182-->[com.onesignal:OneSignal:3.10.5] AndroidManifest.xml:74:13-69
183        <service
183-->[com.onesignal:OneSignal:3.10.5] AndroidManifest.xml:75:9-77:72
184            android:name="com.onesignal.RestoreJobService"
184-->[com.onesignal:OneSignal:3.10.5] AndroidManifest.xml:76:13-59
185            android:permission="android.permission.BIND_JOB_SERVICE" />
185-->[com.onesignal:OneSignal:3.10.5] AndroidManifest.xml:77:13-69
186        <service
186-->[com.onesignal:OneSignal:3.10.5] AndroidManifest.xml:78:9-80:72
187            android:name="com.onesignal.RestoreKickoffJobService"
187-->[com.onesignal:OneSignal:3.10.5] AndroidManifest.xml:79:13-66
188            android:permission="android.permission.BIND_JOB_SERVICE" />
188-->[com.onesignal:OneSignal:3.10.5] AndroidManifest.xml:80:13-69
189        <service
189-->[com.onesignal:OneSignal:3.10.5] AndroidManifest.xml:81:9-83:43
190            android:name="com.onesignal.SyncService"
190-->[com.onesignal:OneSignal:3.10.5] AndroidManifest.xml:82:13-53
191            android:stopWithTask="true" />
191-->[com.onesignal:OneSignal:3.10.5] AndroidManifest.xml:83:13-40
192        <service
192-->[com.onesignal:OneSignal:3.10.5] AndroidManifest.xml:84:9-86:72
193            android:name="com.onesignal.SyncJobService"
193-->[com.onesignal:OneSignal:3.10.5] AndroidManifest.xml:85:13-56
194            android:permission="android.permission.BIND_JOB_SERVICE" />
194-->[com.onesignal:OneSignal:3.10.5] AndroidManifest.xml:86:13-69
195
196        <activity
196-->[com.onesignal:OneSignal:3.10.5] AndroidManifest.xml:88:9-90:75
197            android:name="com.onesignal.PermissionsActivity"
197-->[com.onesignal:OneSignal:3.10.5] AndroidManifest.xml:89:13-61
198            android:theme="@android:style/Theme.Translucent.NoTitleBar" />
198-->[com.onesignal:OneSignal:3.10.5] AndroidManifest.xml:90:13-72
199
200        <service android:name="com.onesignal.NotificationRestoreService" />
200-->[com.onesignal:OneSignal:3.10.5] AndroidManifest.xml:92:9-76
200-->[com.onesignal:OneSignal:3.10.5] AndroidManifest.xml:92:18-73
201
202        <receiver android:name="com.onesignal.BootUpReceiver" >
202-->[com.onesignal:OneSignal:3.10.5] AndroidManifest.xml:94:9-99:20
202-->[com.onesignal:OneSignal:3.10.5] AndroidManifest.xml:94:19-62
203            <intent-filter>
203-->[com.onesignal:OneSignal:3.10.5] AndroidManifest.xml:95:13-98:29
204                <action android:name="android.intent.action.BOOT_COMPLETED" />
204-->[com.onesignal:OneSignal:3.10.5] AndroidManifest.xml:96:17-79
204-->[com.onesignal:OneSignal:3.10.5] AndroidManifest.xml:96:25-76
205                <action android:name="android.intent.action.QUICKBOOT_POWERON" />
205-->[com.onesignal:OneSignal:3.10.5] AndroidManifest.xml:97:17-82
205-->[com.onesignal:OneSignal:3.10.5] AndroidManifest.xml:97:25-79
206            </intent-filter>
207        </receiver>
208        <receiver android:name="com.onesignal.UpgradeReceiver" >
208-->[com.onesignal:OneSignal:3.10.5] AndroidManifest.xml:100:9-104:20
208-->[com.onesignal:OneSignal:3.10.5] AndroidManifest.xml:100:19-63
209            <intent-filter>
209-->[com.onesignal:OneSignal:3.10.5] AndroidManifest.xml:101:13-103:29
210                <action android:name="android.intent.action.MY_PACKAGE_REPLACED" />
210-->[com.onesignal:OneSignal:3.10.5] AndroidManifest.xml:102:17-84
210-->[com.onesignal:OneSignal:3.10.5] AndroidManifest.xml:102:25-81
211            </intent-filter>
212        </receiver>
213        <!--
214             FirebaseMessagingService performs security checks at runtime,
215             but set to not exported to explicitly avoid allowing another app to call it.
216        -->
217        <service
217-->[com.google.firebase:firebase-messaging:19.0.0] AndroidManifest.xml:28:9-34:19
218            android:name="com.google.firebase.messaging.FirebaseMessagingService"
218-->[com.google.firebase:firebase-messaging:19.0.0] AndroidManifest.xml:29:13-82
219            android:exported="false" >
219-->[com.google.firebase:firebase-messaging:19.0.0] AndroidManifest.xml:30:13-37
220            <intent-filter android:priority="-500" >
220-->[com.google.firebase:firebase-messaging:19.0.0] AndroidManifest.xml:31:13-33:29
220-->[com.google.firebase:firebase-messaging:19.0.0] AndroidManifest.xml:31:28-51
221                <action android:name="com.google.firebase.MESSAGING_EVENT" />
221-->[com.google.firebase:firebase-messaging:19.0.0] AndroidManifest.xml:32:17-78
221-->[com.google.firebase:firebase-messaging:19.0.0] AndroidManifest.xml:32:25-75
222            </intent-filter>
223        </service>
224        <service
224-->[com.google.firebase:firebase-iid:19.0.0] AndroidManifest.xml:29:9-35:19
225            android:name="com.google.firebase.components.ComponentDiscoveryService"
225-->[com.google.firebase:firebase-iid:19.0.0] AndroidManifest.xml:30:13-84
226            android:exported="false" >
226-->[com.google.firebase:firebase-iid:19.0.0] AndroidManifest.xml:31:13-37
227            <meta-data
227-->[com.google.firebase:firebase-iid:19.0.0] AndroidManifest.xml:32:13-34:85
228                android:name="com.google.firebase.components:com.google.firebase.iid.Registrar"
228-->[com.google.firebase:firebase-iid:19.0.0] AndroidManifest.xml:33:17-96
229                android:value="com.google.firebase.components.ComponentRegistrar" />
229-->[com.google.firebase:firebase-iid:19.0.0] AndroidManifest.xml:34:17-82
230        </service>
231
232        <receiver
232-->[com.google.firebase:firebase-iid:19.0.0] AndroidManifest.xml:37:9-44:20
233            android:name="com.google.firebase.iid.FirebaseInstanceIdReceiver"
233-->[com.google.firebase:firebase-iid:19.0.0] AndroidManifest.xml:38:13-78
234            android:exported="true"
234-->[com.google.firebase:firebase-iid:19.0.0] AndroidManifest.xml:39:13-36
235            android:permission="com.google.android.c2dm.permission.SEND" >
235-->[com.google.firebase:firebase-iid:19.0.0] AndroidManifest.xml:40:13-73
236            <intent-filter>
236-->[com.google.firebase:firebase-iid:19.0.0] AndroidManifest.xml:41:13-43:29
237                <action android:name="com.google.android.c2dm.intent.RECEIVE" />
237-->[com.onesignal:OneSignal:3.10.5] AndroidManifest.xml:64:17-81
237-->[com.onesignal:OneSignal:3.10.5] AndroidManifest.xml:64:25-78
238            </intent-filter>
239        </receiver>
240
241        <activity
241-->[com.google.android.gms:play-services-base:17.0.0] AndroidManifest.xml:23:9-26:75
242            android:name="com.google.android.gms.common.api.GoogleApiActivity"
242-->[com.google.android.gms:play-services-base:17.0.0] AndroidManifest.xml:24:13-79
243            android:exported="false"
243-->[com.google.android.gms:play-services-base:17.0.0] AndroidManifest.xml:25:13-37
244            android:theme="@android:style/Theme.Translucent.NoTitleBar" />
244-->[com.google.android.gms:play-services-base:17.0.0] AndroidManifest.xml:26:13-72
245        <activity
245-->[com.facebook.android:audience-network-sdk:6.11.0] AndroidManifest.xml:19:9-23:75
246            android:name="com.facebook.ads.AudienceNetworkActivity"
246-->[com.facebook.android:audience-network-sdk:6.11.0] AndroidManifest.xml:20:13-68
247            android:configChanges="keyboardHidden|orientation|screenSize"
247-->[com.facebook.android:audience-network-sdk:6.11.0] AndroidManifest.xml:21:13-74
248            android:exported="false"
248-->[com.facebook.android:audience-network-sdk:6.11.0] AndroidManifest.xml:22:13-37
249            android:theme="@android:style/Theme.Translucent.NoTitleBar" />
249-->[com.facebook.android:audience-network-sdk:6.11.0] AndroidManifest.xml:23:13-72
250
251        <provider
251-->[com.facebook.android:audience-network-sdk:6.11.0] AndroidManifest.xml:25:9-28:40
252            android:name="com.facebook.ads.AudienceNetworkContentProvider"
252-->[com.facebook.android:audience-network-sdk:6.11.0] AndroidManifest.xml:26:13-75
253            android:authorities="com.phonegap.eutenhodoisreais.AudienceNetworkContentProvider"
253-->[com.facebook.android:audience-network-sdk:6.11.0] AndroidManifest.xml:27:13-82
254            android:exported="false" />
254-->[com.facebook.android:audience-network-sdk:6.11.0] AndroidManifest.xml:28:13-37
255        <provider
255-->[com.google.android.gms:play-services-ads-lite:20.4.0] AndroidManifest.xml:55:9-59:39
256            android:name="com.google.android.gms.ads.MobileAdsInitProvider"
256-->[com.google.android.gms:play-services-ads-lite:20.4.0] AndroidManifest.xml:56:13-76
257            android:authorities="com.phonegap.eutenhodoisreais.mobileadsinitprovider"
257-->[com.google.android.gms:play-services-ads-lite:20.4.0] AndroidManifest.xml:57:13-73
258            android:exported="false"
258-->[com.google.android.gms:play-services-ads-lite:20.4.0] AndroidManifest.xml:58:13-37
259            android:initOrder="100" />
259-->[com.google.android.gms:play-services-ads-lite:20.4.0] AndroidManifest.xml:59:13-36
260
261        <service
261-->[com.google.android.gms:play-services-ads-lite:20.4.0] AndroidManifest.xml:61:9-64:40
262            android:name="com.google.android.gms.ads.AdService"
262-->[com.google.android.gms:play-services-ads-lite:20.4.0] AndroidManifest.xml:62:13-64
263            android:enabled="true"
263-->[com.google.android.gms:play-services-ads-lite:20.4.0] AndroidManifest.xml:63:13-35
264            android:exported="false" />
264-->[com.google.android.gms:play-services-ads-lite:20.4.0] AndroidManifest.xml:64:13-37
265
266        <provider
266-->[com.google.firebase:firebase-common:18.0.0] AndroidManifest.xml:12:9-16:39
267            android:name="com.google.firebase.provider.FirebaseInitProvider"
267-->[com.google.firebase:firebase-common:18.0.0] AndroidManifest.xml:13:13-77
268            android:authorities="com.phonegap.eutenhodoisreais.firebaseinitprovider"
268-->[com.google.firebase:firebase-common:18.0.0] AndroidManifest.xml:14:13-72
269            android:exported="false"
269-->[com.google.firebase:firebase-common:18.0.0] AndroidManifest.xml:15:13-37
270            android:initOrder="100" />
270-->[com.google.firebase:firebase-common:18.0.0] AndroidManifest.xml:16:13-36
271
272        <meta-data
272-->[com.google.android.gms:play-services-basement:17.6.0] AndroidManifest.xml:23:9-25:69
273            android:name="com.google.android.gms.version"
273-->[com.google.android.gms:play-services-basement:17.6.0] AndroidManifest.xml:24:13-58
274            android:value="@integer/google_play_services_version" />
274-->[com.google.android.gms:play-services-basement:17.6.0] AndroidManifest.xml:25:13-66
275
276        <provider
276-->[androidx.work:work-runtime:2.1.0] AndroidManifest.xml:30:9-36:35
277            android:name="androidx.work.impl.WorkManagerInitializer"
277-->[androidx.work:work-runtime:2.1.0] AndroidManifest.xml:31:13-69
278            android:authorities="com.phonegap.eutenhodoisreais.workmanager-init"
278-->[androidx.work:work-runtime:2.1.0] AndroidManifest.xml:32:13-68
279            android:directBootAware="false"
279-->[androidx.work:work-runtime:2.1.0] AndroidManifest.xml:33:13-44
280            android:exported="false"
280-->[androidx.work:work-runtime:2.1.0] AndroidManifest.xml:34:13-37
281            android:multiprocess="true" />